C:\Users\Jadtr\OneDrive\EPITA\Advanced Java\Exam\jad-traboulsi-adv-java>mvn install -f "c:\Users\Jadtr\OneDrive\EPITA\Advanced Java\Exam\jad-traboulsi-adv-java\pom.xml"
[INFO] Scanning for projects...
[INFO] 
[INFO] ------------------< fr.epita:jad-traboulsi-adv-java >-------------------
[INFO] Building MVC 1.0 Blank Project (from https://github.com/making/mvc-1.0-blank) 1.0-SNAPSHOT
[INFO] --------------------------------[ war ]---------------------------------
Downloading from central: https://repo.maven.apache.org/maven2/org/apache/maven/plugins/maven-war-plugin/2.3/maven-war-plugin-2.3.pom
Downloaded from central: https://repo.maven.apache.org/maven2/org/apache/maven/plugins/maven-war-plugin/2.3/maven-war-plugin-2.3.pom (7.9 kB at 8.7 
kB/s)
[INFO] 
[INFO] --- maven-resources-plugin:2.6:resources (default-resources) @ jad-traboulsi-adv-java ---
[INFO] Using 'UTF-8' encoding to copy filtered resources.
[INFO] Copying 2 resources
[INFO]
[INFO] --- maven-compiler-plugin:3.1:compile (default-compile) @ jad-traboulsi-adv-java ---
[INFO] Changes detected - recompiling the module!
[INFO] Compiling 3 source files to c:\Users\Jadtr\OneDrive\EPITA\Advanced Java\Exam\jad-traboulsi-adv-java\target\classes
[INFO] 
[INFO] --- maven-resources-plugin:2.6:testResources (default-testResources) @ jad-traboulsi-adv-java ---
[INFO] Using 'UTF-8' encoding to copy filtered resources.
[INFO] Copying 1 resource
[INFO] 
[INFO] --- maven-compiler-plugin:3.1:testCompile (default-testCompile) @ jad-traboulsi-adv-java ---
[INFO] Nothing to compile - all classes are up to date
[INFO]
[INFO] --- maven-surefire-plugin:2.12.4:test (default-test) @ jad-traboulsi-adv-java ---
[INFO] 
[INFO] --- maven-war-plugin:2.3:war (default-war) @ jad-traboulsi-adv-java ---
Downloading from central: https://repo.maven.apache.org/maven2/org/codehaus/plexus/plexus-io/2.0.5/plexus-io-2.0.5.pom
Downloaded from central: https://repo.maven.apache.org/maven2/org/codehaus/plexus/plexus-io/2.0.5/plexus-io-2.0.5.pom (2.2 kB at 39 kB/s)
Downloading from central: https://repo.maven.apache.org/maven2/org/codehaus/plexus/plexus-components/1.2/plexus-components-1.2.pom
Downloaded from central: https://repo.maven.apache.org/maven2/org/codehaus/plexus/plexus-components/1.2/plexus-components-1.2.pom (3.1 kB at 55 kB/s)
Downloading from central: https://repo.maven.apache.org/maven2/org/codehaus/plexus/plexus-archiver/2.2/plexus-archiver-2.2.pom
Downloaded from central: https://repo.maven.apache.org/maven2/org/codehaus/plexus/plexus-archiver/2.2/plexus-archiver-2.2.pom (3.2 kB at 80 kB/s)
Downloading from central: https://repo.maven.apache.org/maven2/org/codehaus/plexus/plexus-components/1.1.20/plexus-components-1.1.20.pom
Downloaded from central: https://repo.maven.apache.org/maven2/org/codehaus/plexus/plexus-components/1.1.20/plexus-components-1.1.20.pom (3.0 kB at 54 kB/s)
Downloading from central: https://repo.maven.apache.org/maven2/org/codehaus/plexus/plexus-utils/3.0.7/plexus-utils-3.0.7.pom
Downloaded from central: https://repo.maven.apache.org/maven2/org/codehaus/plexus/plexus-utils/3.0.7/plexus-utils-3.0.7.pom (2.5 kB at 76 kB/s)
Downloading from central: https://repo.maven.apache.org/maven2/org/codehaus/plexus/plexus-io/2.0.4/plexus-io-2.0.4.pom
Downloaded from central: https://repo.maven.apache.org/maven2/org/codehaus/plexus/plexus-io/2.0.4/plexus-io-2.0.4.pom (1.7 kB at 54 kB/s)
Downloading from central: https://repo.maven.apache.org/maven2/com/thoughtworks/xstream/xstream/1.4.3/xstream-1.4.3.pom
Downloaded from central: https://repo.maven.apache.org/maven2/com/thoughtworks/xstream/xstream/1.4.3/xstream-1.4.3.pom (8.6 kB at 232 kB/s)
Downloading from central: https://repo.maven.apache.org/maven2/com/thoughtworks/xstream/xstream-parent/1.4.3/xstream-parent-1.4.3.pom
Downloaded from central: https://repo.maven.apache.org/maven2/com/thoughtworks/xstream/xstream-parent/1.4.3/xstream-parent-1.4.3.pom (19 kB at 479 kB/s)
Downloading from central: https://repo.maven.apache.org/maven2/org/codehaus/codehaus-parent/3/codehaus-parent-3.pom
Downloaded from central: https://repo.maven.apache.org/maven2/org/codehaus/codehaus-parent/3/codehaus-parent-3.pom (4.1 kB at 86 kB/s)
Downloading from central: https://repo.maven.apache.org/maven2/org/apache/maven/shared/maven-filtering/1.0-beta-2/maven-filtering-1.0-beta-2.pom
Downloaded from central: https://repo.maven.apache.org/maven2/org/apache/maven/shared/maven-filtering/1.0-beta-2/maven-filtering-1.0-beta-2.pom (4.0 kB at 101 kB/s)
Downloading from central: https://repo.maven.apache.org/maven2/org/apache/maven/shared/maven-shared-components/10/maven-shared-components-10.pom
Downloaded from central: https://repo.maven.apache.org/maven2/org/apache/maven/shared/maven-shared-components/10/maven-shared-components-10.pom (8.4 kB at 264 kB/s)
Downloading from central: https://repo.maven.apache.org/maven2/org/codehaus/plexus/plexus-utils/1.5.6/plexus-utils-1.5.6.pom
Downloaded from central: https://repo.maven.apache.org/maven2/org/codehaus/plexus/plexus-utils/1.5.6/plexus-utils-1.5.6.pom (5.3 kB at 133 kB/s)
Downloading from central: https://repo.maven.apache.org/maven2/org/codehaus/plexus/plexus/1.0.12/plexus-1.0.12.pom
Downloaded from central: https://repo.maven.apache.org/maven2/org/codehaus/plexus/plexus/1.0.12/plexus-1.0.12.pom (9.8 kB at 306 kB/s)
Downloading from central: https://repo.maven.apache.org/maven2/org/codehaus/plexus/plexus-interpolation/1.6/plexus-interpolation-1.6.pom
Downloaded from central: https://repo.maven.apache.org/maven2/org/codehaus/plexus/plexus-interpolation/1.6/plexus-interpolation-1.6.pom (2.9 kB at 91 kB/s)
Downloading from central: https://repo.maven.apache.org/maven2/org/codehaus/plexus/plexus-io/2.0.5/plexus-io-2.0.5.jar
Downloading from central: https://repo.maven.apache.org/maven2/com/thoughtworks/xstream/xstream/1.4.3/xstream-1.4.3.jar
Downloading from central: https://repo.maven.apache.org/maven2/org/codehaus/plexus/plexus-archiver/2.2/plexus-archiver-2.2.jar
Downloaded from central: https://repo.maven.apache.org/maven2/org/codehaus/plexus/plexus-io/2.0.5/plexus-io-2.0.5.jar (58 kB at 1.1 MB/s)
Downloading from central: https://repo.maven.apache.org/maven2/org/apache/maven/shared/maven-filtering/1.0-beta-2/maven-filtering-1.0-beta-2.jar    
Downloaded from central: https://repo.maven.apache.org/maven2/org/apache/maven/shared/maven-filtering/1.0-beta-2/maven-filtering-1.0-beta-2.jar (33 
kB at 191 kB/s)
Downloaded from central: https://repo.maven.apache.org/maven2/org/codehaus/plexus/plexus-archiver/2.2/plexus-archiver-2.2.jar (185 kB at 989 kB/s)
Downloaded from central: https://repo.maven.apache.org/maven2/com/thoughtworks/xstream/xstream/1.4.3/xstream-1.4.3.jar (482 kB at 2.4 MB/s)
WARNING: An illegal reflective access operation has occurred
WARNING: Illegal reflective access by com.thoughtworks.xstream.converters.collections.TreeMapConverter (file:/C:/Users/Jadtr/.m2/repository/com/thoughtworks/xstream/xstream/1.4.3/xstream-1.4.3.jar) to field java.util.TreeMap.comparator
WARNING: Please consider reporting this to the maintainers of com.thoughtworks.xstream.converters.collections.TreeMapConverter
WARNING: Use --illegal-access=warn to enable warnings of further illegal reflective access operations
WARNING: All illegal access operations will be denied in a future release
[INFO] Packaging webapp
[INFO] Assembling webapp [jad-traboulsi-adv-java] in [c:\Users\Jadtr\OneDrive\EPITA\Advanced Java\Exam\jad-traboulsi-adv-java\target\jad-traboulsi-adv-java-1.0-SNAPSHOT]
[INFO] Processing war project
[INFO] Copying webapp resources [c:\Users\Jadtr\OneDrive\EPITA\Advanced Java\Exam\jad-traboulsi-adv-java\src\main\webapp]
[INFO] Webapp assembled in [148 msecs]
[INFO] Building war: c:\Users\Jadtr\OneDrive\EPITA\Advanced Java\Exam\jad-traboulsi-adv-java\target\jad-traboulsi-adv-java-1.0-SNAPSHOT.war
[INFO] 
[INFO] --- maven-install-plugin:2.4:install (default-install) @ jad-traboulsi-adv-java ---
[INFO] Installing c:\Users\Jadtr\OneDrive\EPITA\Advanced Java\Exam\jad-traboulsi-adv-java\target\jad-traboulsi-adv-java-1.0-SNAPSHOT.war to C:\Users\Jadtr\.m2\repository\fr\epita\jad-traboulsi-adv-java\1.0-SNAPSHOT\jad-traboulsi-adv-java-1.0-SNAPSHOT.war
[INFO] Installing c:\Users\Jadtr\OneDrive\EPITA\Advanced Java\Exam\jad-traboulsi-adv-java\pom.xml to C:\Users\Jadtr\.m2\repository\fr\epita\jad-traboulsi-adv-java\1.0-SNAPSHOT\jad-traboulsi-adv-java-1.0-SNAPSHOT.pom
[INFO] ------------------------------------------------------------------------
[INFO] BUILD SUCCESS
[INFO] ------------------------------------------------------------------------
[INFO] Total time:  8.579 s
[INFO] Finished at: 2021-11-16T11:17:39+01:00
[INFO] ------------------------------------------------------------------------